{"C:\\Users\\Usuario\\PROYECTOFINALPRUEBAS\\backend\\src\\app.js": {"path":"C:\\Users\\Usuario\\PROYECTOFINALPRUEBAS\\backend\\src\\app.js","statementMap":{"0":{"start":{"line":9,"column":16},"end":{"line":9,"column":25}},"1":{"start":{"line":11,"column":15},"end":{"line":11,"column":29}},"2":{"start":{"line":12,"column":4},"end":{"line":12,"column":23}},"3":{"start":{"line":14,"column":4},"end":{"line":14,"column":20}},"4":{"start":{"line":15,"column":4},"end":{"line":15,"column":28}},"5":{"start":{"line":17,"column":4},"end":{"line":20,"column":7}},"6":{"start":{"line":18,"column":8},"end":{"line":18,"column":78}},"7":{"start":{"line":19,"column":8},"end":{"line":19,"column":15}},"8":{"start":{"line":22,"column":4},"end":{"line":28,"column":7}},"9":{"start":{"line":23,"column":8},"end":{"line":27,"column":11}},"10":{"start":{"line":30,"column":4},"end":{"line":30,"column":57}},"11":{"start":{"line":31,"column":4},"end":{"line":31,"column":54}},"12":{"start":{"line":33,"column":4},"end":{"line":36,"column":7}},"13":{"start":{"line":34,"column":8},"end":{"line":34,"column":68}},"14":{"start":{"line":35,"column":8},"end":{"line":35,"column":105}},"15":{"start":{"line":38,"column":4},"end":{"line":40,"column":7}},"16":{"start":{"line":39,"column":8},"end":{"line":39,"column":66}},"17":{"start":{"line":42,"column":4},"end":{"line":42,"column":23}}},"fnMap":{"0":{"name":"createApp","decl":{"start":{"line":8,"column":15},"end":{"line":8,"column":24}},"loc":{"start":{"line":8,"column":27},"end":{"line":43,"column":1}},"line":8},"1":{"name":"(anonymous_1)","decl":{"start":{"line":17,"column":12},"end":{"line":17,"column":13}},"loc":{"start":{"line":17,"column":32},"end":{"line":20,"column":5}},"line":17},"2":{"name":"(anonymous_2)","decl":{"start":{"line":22,"column":23},"end":{"line":22,"column":24}},"loc":{"start":{"line":22,"column":37},"end":{"line":28,"column":5}},"line":22},"3":{"name":"(anonymous_3)","decl":{"start":{"line":33,"column":12},"end":{"line":33,"column":13}},"loc":{"start":{"line":33,"column":37},"end":{"line":36,"column":5}},"line":33},"4":{"name":"(anonymous_4)","decl":{"start":{"line":38,"column":12},"end":{"line":38,"column":13}},"loc":{"start":{"line":38,"column":26},"end":{"line":40,"column":5}},"line":38}},"branchMap":{"0":{"loc":{"start":{"line":34,"column":32},"end":{"line":34,"column":66}},"type":"cond-expr","locations":[{"start":{"line":34,"column":51},"end":{"line":34,"column":60}},{"start":{"line":34,"column":63},"end":{"line":34,"column":66}}],"line":34},"1":{"loc":{"start":{"line":34,"column":32},"end":{"line":34,"column":48}},"type":"binary-expr","locations":[{"start":{"line":34,"column":32},"end":{"line":34,"column":35}},{"start":{"line":34,"column":39},"end":{"line":34,"column":48}}],"line":34},"2":{"loc":{"start":{"line":35,"column":38},"end":{"line":35,"column":101}},"type":"cond-expr","locations":[{"start":{"line":35,"column":59},"end":{"line":35,"column":70}},{"start":{"line":35,"column":73},"end":{"line":35,"column":101}}],"line":35},"3":{"loc":{"start":{"line":35,"column":38},"end":{"line":35,"column":56}},"type":"binary-expr","locations":[{"start":{"line":35,"column":38},"end":{"line":35,"column":41}},{"start":{"line":35,"column":45},"end":{"line":35,"column":56}}],"line":35}},"s":{"0":2,"1":2,"2":2,"3":2,"4":2,"5":2,"6":22,"7":22,"8":2,"9":0,"10":2,"11":2,"12":2,"13":0,"14":0,"15":2,"16":0,"17":2},"f":{"0":2,"1":22,"2":0,"3":0,"4":0},"b":{"0":[0,0],"1":[0,0],"2":[0,0],"3":[0,0]},"inputSourceMap":null,"_coverageSchema":"1a1c01bbd47fc00a2c39e90264f33305004495a9","hash":"00d05de8db7703b8ed5b5ae5dec7d65d7234f89c"}
,"C:\\Users\\Usuario\\PROYECTOFINALPRUEBAS\\backend\\src\\controllers\\CategoryController.js": {"path":"C:\\Users\\Usuario\\PROYECTOFINALPRUEBAS\\backend\\src\\controllers\\CategoryController.js","statementMap":{"0":{"start":{"line":5,"column":8},"end":{"line":5,"column":55}},"1":{"start":{"line":9,"column":8},"end":{"line":14,"column":9}},"2":{"start":{"line":10,"column":31},"end":{"line":10,"column":76}},"3":{"start":{"line":11,"column":12},"end":{"line":11,"column":33}},"4":{"start":{"line":13,"column":12},"end":{"line":13,"column":59}},"5":{"start":{"line":18,"column":8},"end":{"line":27,"column":9}},"6":{"start":{"line":19,"column":29},"end":{"line":19,"column":86}},"7":{"start":{"line":20,"column":12},"end":{"line":20,"column":31}},"8":{"start":{"line":22,"column":12},"end":{"line":26,"column":13}},"9":{"start":{"line":23,"column":16},"end":{"line":23,"column":63}},"10":{"start":{"line":25,"column":16},"end":{"line":25,"column":63}},"11":{"start":{"line":31,"column":8},"end":{"line":36,"column":9}},"12":{"start":{"line":32,"column":29},"end":{"line":32,"column":97}},"13":{"start":{"line":33,"column":12},"end":{"line":33,"column":43}},"14":{"start":{"line":35,"column":12},"end":{"line":35,"column":59}},"15":{"start":{"line":40,"column":8},"end":{"line":49,"column":9}},"16":{"start":{"line":41,"column":29},"end":{"line":41,"column":100}},"17":{"start":{"line":42,"column":12},"end":{"line":42,"column":31}},"18":{"start":{"line":44,"column":12},"end":{"line":48,"column":13}},"19":{"start":{"line":45,"column":16},"end":{"line":45,"column":63}},"20":{"start":{"line":47,"column":16},"end":{"line":47,"column":63}},"21":{"start":{"line":53,"column":8},"end":{"line":62,"column":9}},"22":{"start":{"line":54,"column":12},"end":{"line":54,"column":69}},"23":{"start":{"line":55,"column":12},"end":{"line":55,"column":35}},"24":{"start":{"line":57,"column":12},"end":{"line":61,"column":13}},"25":{"start":{"line":58,"column":16},"end":{"line":58,"column":63}},"26":{"start":{"line":60,"column":16},"end":{"line":60,"column":63}}},"fnMap":{"0":{"name":"(anonymous_0)","decl":{"start":{"line":4,"column":4},"end":{"line":4,"column":5}},"loc":{"start":{"line":4,"column":20},"end":{"line":6,"column":5}},"line":4},"1":{"name":"(anonymous_1)","decl":{"start":{"line":8,"column":4},"end":{"line":8,"column":5}},"loc":{"start":{"line":8,"column":27},"end":{"line":15,"column":5}},"line":8},"2":{"name":"(anonymous_2)","decl":{"start":{"line":17,"column":4},"end":{"line":17,"column":5}},"loc":{"start":{"line":17,"column":28},"end":{"line":28,"column":5}},"line":17},"3":{"name":"(anonymous_3)","decl":{"start":{"line":30,"column":4},"end":{"line":30,"column":5}},"loc":{"start":{"line":30,"column":27},"end":{"line":37,"column":5}},"line":30},"4":{"name":"(anonymous_4)","decl":{"start":{"line":39,"column":4},"end":{"line":39,"column":5}},"loc":{"start":{"line":39,"column":27},"end":{"line":50,"column":5}},"line":39},"5":{"name":"(anonymous_5)","decl":{"start":{"line":52,"column":4},"end":{"line":52,"column":5}},"loc":{"start":{"line":52,"column":27},"end":{"line":63,"column":5}},"line":52}},"branchMap":{"0":{"loc":{"start":{"line":22,"column":12},"end":{"line":26,"column":13}},"type":"if","locations":[{"start":{"line":22,"column":12},"end":{"line":26,"column":13}},{"start":{"line":24,"column":19},"end":{"line":26,"column":13}}],"line":22},"1":{"loc":{"start":{"line":32,"column":71},"end":{"line":32,"column":96}},"type":"binary-expr","locations":[{"start":{"line":32,"column":71},"end":{"line":32,"column":79}},{"start":{"line":32,"column":83},"end":{"line":32,"column":96}}],"line":32},"2":{"loc":{"start":{"line":44,"column":12},"end":{"line":48,"column":13}},"type":"if","locations":[{"start":{"line":44,"column":12},"end":{"line":48,"column":13}},{"start":{"line":46,"column":19},"end":{"line":48,"column":13}}],"line":44},"3":{"loc":{"start":{"line":57,"column":12},"end":{"line":61,"column":13}},"type":"if","locations":[{"start":{"line":57,"column":12},"end":{"line":61,"column":13}},{"start":{"line":59,"column":19},"end":{"line":61,"column":13}}],"line":57}},"s":{"0":2,"1":1,"2":1,"3":1,"4":0,"5":2,"6":2,"7":1,"8":1,"9":1,"10":0,"11":6,"12":6,"13":4,"14":2,"15":1,"16":1,"17":1,"18":0,"19":0,"20":0,"21":1,"22":1,"23":1,"24":0,"25":0,"26":0},"f":{"0":2,"1":1,"2":2,"3":6,"4":1,"5":1},"b":{"0":[1,0],"1":[6,6],"2":[0,0],"3":[0,0]},"inputSourceMap":null,"_coverageSchema":"1a1c01bbd47fc00a2c39e90264f33305004495a9","hash":"311ac67af0f54af906b86d89fb2c81f4eccf0f8e"}
,"C:\\Users\\Usuario\\PROYECTOFINALPRUEBAS\\backend\\src\\controllers\\ProductController.js": {"path":"C:\\Users\\Usuario\\PROYECTOFINALPRUEBAS\\backend\\src\\controllers\\ProductController.js","statementMap":{"0":{"start":{"line":5,"column":8},"end":{"line":5,"column":53}},"1":{"start":{"line":9,"column":8},"end":{"line":14,"column":9}},"2":{"start":{"line":10,"column":29},"end":{"line":10,"column":71}},"3":{"start":{"line":11,"column":12},"end":{"line":11,"column":31}},"4":{"start":{"line":13,"column":12},"end":{"line":13,"column":59}},"5":{"start":{"line":18,"column":8},"end":{"line":27,"column":9}},"6":{"start":{"line":19,"column":28},"end":{"line":19,"column":83}},"7":{"start":{"line":20,"column":12},"end":{"line":20,"column":30}},"8":{"start":{"line":22,"column":12},"end":{"line":26,"column":13}},"9":{"start":{"line":23,"column":16},"end":{"line":23,"column":63}},"10":{"start":{"line":25,"column":16},"end":{"line":25,"column":63}},"11":{"start":{"line":31,"column":8},"end":{"line":36,"column":9}},"12":{"start":{"line":32,"column":28},"end":{"line":32,"column":77}},"13":{"start":{"line":33,"column":12},"end":{"line":33,"column":42}},"14":{"start":{"line":35,"column":12},"end":{"line":35,"column":59}},"15":{"start":{"line":40,"column":8},"end":{"line":49,"column":9}},"16":{"start":{"line":41,"column":28},"end":{"line":41,"column":92}},"17":{"start":{"line":42,"column":12},"end":{"line":42,"column":30}},"18":{"start":{"line":44,"column":12},"end":{"line":48,"column":13}},"19":{"start":{"line":45,"column":16},"end":{"line":45,"column":63}},"20":{"start":{"line":47,"column":16},"end":{"line":47,"column":63}},"21":{"start":{"line":53,"column":8},"end":{"line":62,"column":9}},"22":{"start":{"line":54,"column":12},"end":{"line":54,"column":67}},"23":{"start":{"line":55,"column":12},"end":{"line":55,"column":35}},"24":{"start":{"line":57,"column":12},"end":{"line":61,"column":13}},"25":{"start":{"line":58,"column":16},"end":{"line":58,"column":63}},"26":{"start":{"line":60,"column":16},"end":{"line":60,"column":63}},"27":{"start":{"line":66,"column":8},"end":{"line":71,"column":9}},"28":{"start":{"line":67,"column":29},"end":{"line":67,"column":99}},"29":{"start":{"line":68,"column":12},"end":{"line":68,"column":31}},"30":{"start":{"line":70,"column":12},"end":{"line":70,"column":59}}},"fnMap":{"0":{"name":"(anonymous_0)","decl":{"start":{"line":4,"column":4},"end":{"line":4,"column":5}},"loc":{"start":{"line":4,"column":20},"end":{"line":6,"column":5}},"line":4},"1":{"name":"(anonymous_1)","decl":{"start":{"line":8,"column":4},"end":{"line":8,"column":5}},"loc":{"start":{"line":8,"column":27},"end":{"line":15,"column":5}},"line":8},"2":{"name":"(anonymous_2)","decl":{"start":{"line":17,"column":4},"end":{"line":17,"column":5}},"loc":{"start":{"line":17,"column":28},"end":{"line":28,"column":5}},"line":17},"3":{"name":"(anonymous_3)","decl":{"start":{"line":30,"column":4},"end":{"line":30,"column":5}},"loc":{"start":{"line":30,"column":27},"end":{"line":37,"column":5}},"line":30},"4":{"name":"(anonymous_4)","decl":{"start":{"line":39,"column":4},"end":{"line":39,"column":5}},"loc":{"start":{"line":39,"column":27},"end":{"line":50,"column":5}},"line":39},"5":{"name":"(anonymous_5)","decl":{"start":{"line":52,"column":4},"end":{"line":52,"column":5}},"loc":{"start":{"line":52,"column":27},"end":{"line":63,"column":5}},"line":52},"6":{"name":"(anonymous_6)","decl":{"start":{"line":65,"column":4},"end":{"line":65,"column":5}},"loc":{"start":{"line":65,"column":34},"end":{"line":72,"column":5}},"line":65}},"branchMap":{"0":{"loc":{"start":{"line":22,"column":12},"end":{"line":26,"column":13}},"type":"if","locations":[{"start":{"line":22,"column":12},"end":{"line":26,"column":13}},{"start":{"line":24,"column":19},"end":{"line":26,"column":13}}],"line":22},"1":{"loc":{"start":{"line":44,"column":12},"end":{"line":48,"column":13}},"type":"if","locations":[{"start":{"line":44,"column":12},"end":{"line":48,"column":13}},{"start":{"line":46,"column":19},"end":{"line":48,"column":13}}],"line":44},"2":{"loc":{"start":{"line":57,"column":12},"end":{"line":61,"column":13}},"type":"if","locations":[{"start":{"line":57,"column":12},"end":{"line":61,"column":13}},{"start":{"line":59,"column":19},"end":{"line":61,"column":13}}],"line":57}},"s":{"0":2,"1":1,"2":1,"3":1,"4":0,"5":2,"6":2,"7":1,"8":1,"9":1,"10":0,"11":6,"12":6,"13":3,"14":3,"15":1,"16":1,"17":1,"18":0,"19":0,"20":0,"21":1,"22":1,"23":1,"24":0,"25":0,"26":0,"27":0,"28":0,"29":0,"30":0},"f":{"0":2,"1":1,"2":2,"3":6,"4":1,"5":1,"6":0},"b":{"0":[1,0],"1":[0,0],"2":[0,0]},"inputSourceMap":null,"_coverageSchema":"1a1c01bbd47fc00a2c39e90264f33305004495a9","hash":"e543301193ad085267e03b72033cd030df64eb56"}
,"C:\\Users\\Usuario\\PROYECTOFINALPRUEBAS\\backend\\src\\database\\database.js": {"path":"C:\\Users\\Usuario\\PROYECTOFINALPRUEBAS\\backend\\src\\database\\database.js","statementMap":{"0":{"start":{"line":6,"column":19},"end":{"line":6,"column":49}},"1":{"start":{"line":7,"column":18},"end":{"line":7,"column":37}},"2":{"start":{"line":8,"column":15},"end":{"line":8,"column":32}},"3":{"start":{"line":12,"column":8},"end":{"line":12,"column":101}},"4":{"start":{"line":13,"column":8},"end":{"line":13,"column":23}},"5":{"start":{"line":17,"column":8},"end":{"line":25,"column":11}},"6":{"start":{"line":18,"column":12},"end":{"line":24,"column":15}},"7":{"start":{"line":19,"column":16},"end":{"line":23,"column":17}},"8":{"start":{"line":20,"column":20},"end":{"line":20,"column":32}},"9":{"start":{"line":22,"column":20},"end":{"line":22,"column":37}},"10":{"start":{"line":29,"column":8},"end":{"line":41,"column":11}},"11":{"start":{"line":30,"column":12},"end":{"line":40,"column":13}},"12":{"start":{"line":31,"column":16},"end":{"line":37,"column":19}},"13":{"start":{"line":32,"column":20},"end":{"line":36,"column":21}},"14":{"start":{"line":33,"column":24},"end":{"line":33,"column":36}},"15":{"start":{"line":35,"column":24},"end":{"line":35,"column":34}},"16":{"start":{"line":39,"column":16},"end":{"line":39,"column":26}},"17":{"start":{"line":45,"column":8},"end":{"line":54,"column":11}},"18":{"start":{"line":46,"column":12},"end":{"line":53,"column":15}},"19":{"start":{"line":47,"column":16},"end":{"line":52,"column":17}},"20":{"start":{"line":48,"column":20},"end":{"line":48,"column":32}},"21":{"start":{"line":51,"column":20},"end":{"line":51,"column":76}},"22":{"start":{"line":58,"column":8},"end":{"line":66,"column":11}},"23":{"start":{"line":59,"column":12},"end":{"line":65,"column":15}},"24":{"start":{"line":60,"column":16},"end":{"line":64,"column":17}},"25":{"start":{"line":61,"column":20},"end":{"line":61,"column":32}},"26":{"start":{"line":63,"column":20},"end":{"line":63,"column":33}},"27":{"start":{"line":70,"column":8},"end":{"line":78,"column":11}},"28":{"start":{"line":71,"column":12},"end":{"line":77,"column":15}},"29":{"start":{"line":72,"column":16},"end":{"line":76,"column":17}},"30":{"start":{"line":73,"column":20},"end":{"line":73,"column":32}},"31":{"start":{"line":75,"column":20},"end":{"line":75,"column":34}}},"fnMap":{"0":{"name":"(anonymous_0)","decl":{"start":{"line":11,"column":4},"end":{"line":11,"column":5}},"loc":{"start":{"line":11,"column":24},"end":{"line":14,"column":5}},"line":11},"1":{"name":"(anonymous_1)","decl":{"start":{"line":16,"column":4},"end":{"line":16,"column":5}},"loc":{"start":{"line":16,"column":14},"end":{"line":26,"column":5}},"line":16},"2":{"name":"(anonymous_2)","decl":{"start":{"line":17,"column":27},"end":{"line":17,"column":28}},"loc":{"start":{"line":17,"column":48},"end":{"line":25,"column":9}},"line":17},"3":{"name":"(anonymous_3)","decl":{"start":{"line":18,"column":55},"end":{"line":18,"column":56}},"loc":{"start":{"line":18,"column":64},"end":{"line":24,"column":13}},"line":18},"4":{"name":"(anonymous_4)","decl":{"start":{"line":28,"column":4},"end":{"line":28,"column":5}},"loc":{"start":{"line":28,"column":12},"end":{"line":42,"column":5}},"line":28},"5":{"name":"(anonymous_5)","decl":{"start":{"line":29,"column":27},"end":{"line":29,"column":28}},"loc":{"start":{"line":29,"column":48},"end":{"line":41,"column":9}},"line":29},"6":{"name":"(anonymous_6)","decl":{"start":{"line":31,"column":30},"end":{"line":31,"column":31}},"loc":{"start":{"line":31,"column":39},"end":{"line":37,"column":17}},"line":31},"7":{"name":"(anonymous_7)","decl":{"start":{"line":44,"column":4},"end":{"line":44,"column":5}},"loc":{"start":{"line":44,"column":26},"end":{"line":55,"column":5}},"line":44},"8":{"name":"(anonymous_8)","decl":{"start":{"line":45,"column":27},"end":{"line":45,"column":28}},"loc":{"start":{"line":45,"column":48},"end":{"line":54,"column":9}},"line":45},"9":{"name":"(anonymous_9)","decl":{"start":{"line":46,"column":37},"end":{"line":46,"column":38}},"loc":{"start":{"line":46,"column":52},"end":{"line":53,"column":13}},"line":46},"10":{"name":"(anonymous_10)","decl":{"start":{"line":57,"column":4},"end":{"line":57,"column":5}},"loc":{"start":{"line":57,"column":26},"end":{"line":67,"column":5}},"line":57},"11":{"name":"(anonymous_11)","decl":{"start":{"line":58,"column":27},"end":{"line":58,"column":28}},"loc":{"start":{"line":58,"column":48},"end":{"line":66,"column":9}},"line":58},"12":{"name":"(anonymous_12)","decl":{"start":{"line":59,"column":37},"end":{"line":59,"column":38}},"loc":{"start":{"line":59,"column":51},"end":{"line":65,"column":13}},"line":59},"13":{"name":"(anonymous_13)","decl":{"start":{"line":69,"column":4},"end":{"line":69,"column":5}},"loc":{"start":{"line":69,"column":26},"end":{"line":79,"column":5}},"line":69},"14":{"name":"(anonymous_14)","decl":{"start":{"line":70,"column":27},"end":{"line":70,"column":28}},"loc":{"start":{"line":70,"column":48},"end":{"line":78,"column":9}},"line":70},"15":{"name":"(anonymous_15)","decl":{"start":{"line":71,"column":37},"end":{"line":71,"column":38}},"loc":{"start":{"line":71,"column":52},"end":{"line":77,"column":13}},"line":71}},"branchMap":{"0":{"loc":{"start":{"line":12,"column":22},"end":{"line":12,"column":100}},"type":"binary-expr","locations":[{"start":{"line":12,"column":22},"end":{"line":12,"column":28}},{"start":{"line":12,"column":32},"end":{"line":12,"column":51}},{"start":{"line":12,"column":55},"end":{"line":12,"column":100}}],"line":12},"1":{"loc":{"start":{"line":19,"column":16},"end":{"line":23,"column":17}},"type":"if","locations":[{"start":{"line":19,"column":16},"end":{"line":23,"column":17}},{"start":{"line":21,"column":23},"end":{"line":23,"column":17}}],"line":19},"2":{"loc":{"start":{"line":30,"column":12},"end":{"line":40,"column":13}},"type":"if","locations":[{"start":{"line":30,"column":12},"end":{"line":40,"column":13}},{"start":{"line":38,"column":19},"end":{"line":40,"column":13}}],"line":30},"3":{"loc":{"start":{"line":32,"column":20},"end":{"line":36,"column":21}},"type":"if","locations":[{"start":{"line":32,"column":20},"end":{"line":36,"column":21}},{"start":{"line":34,"column":27},"end":{"line":36,"column":21}}],"line":32},"4":{"loc":{"start":{"line":44,"column":13},"end":{"line":44,"column":24}},"type":"default-arg","locations":[{"start":{"line":44,"column":22},"end":{"line":44,"column":24}}],"line":44},"5":{"loc":{"start":{"line":47,"column":16},"end":{"line":52,"column":17}},"type":"if","locations":[{"start":{"line":47,"column":16},"end":{"line":52,"column":17}},{"start":{"line":49,"column":23},"end":{"line":52,"column":17}}],"line":47},"6":{"loc":{"start":{"line":57,"column":13},"end":{"line":57,"column":24}},"type":"default-arg","locations":[{"start":{"line":57,"column":22},"end":{"line":57,"column":24}}],"line":57},"7":{"loc":{"start":{"line":60,"column":16},"end":{"line":64,"column":17}},"type":"if","locations":[{"start":{"line":60,"column":16},"end":{"line":64,"column":17}},{"start":{"line":62,"column":23},"end":{"line":64,"column":17}}],"line":60},"8":{"loc":{"start":{"line":69,"column":13},"end":{"line":69,"column":24}},"type":"default-arg","locations":[{"start":{"line":69,"column":22},"end":{"line":69,"column":24}}],"line":69},"9":{"loc":{"start":{"line":72,"column":16},"end":{"line":76,"column":17}},"type":"if","locations":[{"start":{"line":72,"column":16},"end":{"line":76,"column":17}},{"start":{"line":74,"column":23},"end":{"line":76,"column":17}}],"line":72}},"s":{"0":2,"1":2,"2":2,"3":2,"4":2,"5":2,"6":2,"7":2,"8":0,"9":2,"10":2,"11":2,"12":2,"13":2,"14":0,"15":2,"16":0,"17":53,"18":53,"19":53,"20":1,"21":52,"22":13,"23":13,"24":13,"25":0,"26":13,"27":2,"28":2,"29":2,"30":0,"31":2},"f":{"0":2,"1":2,"2":2,"3":2,"4":2,"5":2,"6":2,"7":53,"8":53,"9":53,"10":13,"11":13,"12":13,"13":2,"14":2,"15":2},"b":{"0":[2,2,0],"1":[0,2],"2":[2,0],"3":[0,2],"4":[36],"5":[1,52],"6":[0],"7":[0,13],"8":[2],"9":[0,2]},"inputSourceMap":null,"_coverageSchema":"1a1c01bbd47fc00a2c39e90264f33305004495a9","hash":"a7fcedb0289b657498de8dd11b9fb668aa5778f1"}
,"C:\\Users\\Usuario\\PROYECTOFINALPRUEBAS\\backend\\src\\models\\Category.js": {"path":"C:\\Users\\Usuario\\PROYECTOFINALPRUEBAS\\backend\\src\\models\\Category.js","statementMap":{"0":{"start":{"line":3,"column":8},"end":{"line":3,"column":21}},"1":{"start":{"line":7,"column":20},"end":{"line":7,"column":60}},"2":{"start":{"line":8,"column":8},"end":{"line":8,"column":38}},"3":{"start":{"line":12,"column":20},"end":{"line":12,"column":59}},"4":{"start":{"line":13,"column":8},"end":{"line":13,"column":44}},"5":{"start":{"line":17,"column":20},"end":{"line":17,"column":62}},"6":{"start":{"line":18,"column":23},"end":{"line":18,"column":53}},"7":{"start":{"line":19,"column":8},"end":{"line":19,"column":29}},"8":{"start":{"line":23,"column":20},"end":{"line":23,"column":65}},"9":{"start":{"line":24,"column":23},"end":{"line":24,"column":57}},"10":{"start":{"line":25,"column":8},"end":{"line":25,"column":34}},"11":{"start":{"line":29,"column":20},"end":{"line":29,"column":57}},"12":{"start":{"line":30,"column":23},"end":{"line":30,"column":51}},"13":{"start":{"line":31,"column":8},"end":{"line":31,"column":34}}},"fnMap":{"0":{"name":"(anonymous_0)","decl":{"start":{"line":2,"column":4},"end":{"line":2,"column":5}},"loc":{"start":{"line":2,"column":20},"end":{"line":4,"column":5}},"line":2},"1":{"name":"(anonymous_1)","decl":{"start":{"line":6,"column":4},"end":{"line":6,"column":5}},"loc":{"start":{"line":6,"column":20},"end":{"line":9,"column":5}},"line":6},"2":{"name":"(anonymous_2)","decl":{"start":{"line":11,"column":4},"end":{"line":11,"column":5}},"loc":{"start":{"line":11,"column":23},"end":{"line":14,"column":5}},"line":11},"3":{"name":"(anonymous_3)","decl":{"start":{"line":16,"column":4},"end":{"line":16,"column":5}},"loc":{"start":{"line":16,"column":23},"end":{"line":20,"column":5}},"line":16},"4":{"name":"(anonymous_4)","decl":{"start":{"line":22,"column":4},"end":{"line":22,"column":5}},"loc":{"start":{"line":22,"column":27},"end":{"line":26,"column":5}},"line":22},"5":{"name":"(anonymous_5)","decl":{"start":{"line":28,"column":4},"end":{"line":28,"column":5}},"loc":{"start":{"line":28,"column":21},"end":{"line":32,"column":5}},"line":28}},"branchMap":{},"s":{"0":5,"1":2,"2":2,"3":7,"4":7,"5":6,"6":6,"7":5,"8":1,"9":1,"10":1,"11":1,"12":1,"13":1},"f":{"0":5,"1":2,"2":7,"3":6,"4":1,"5":1},"b":{},"inputSourceMap":null,"_coverageSchema":"1a1c01bbd47fc00a2c39e90264f33305004495a9","hash":"c676f176f41ce6b1843c22e6264affbd75f771c3"}
,"C:\\Users\\Usuario\\PROYECTOFINALPRUEBAS\\backend\\src\\models\\Product.js": {"path":"C:\\Users\\Usuario\\PROYECTOFINALPRUEBAS\\backend\\src\\models\\Product.js","statementMap":{"0":{"start":{"line":3,"column":8},"end":{"line":3,"column":21}},"1":{"start":{"line":7,"column":20},"end":{"line":12,"column":5}},"2":{"start":{"line":13,"column":8},"end":{"line":13,"column":38}},"3":{"start":{"line":17,"column":20},"end":{"line":22,"column":5}},"4":{"start":{"line":23,"column":8},"end":{"line":23,"column":44}},"5":{"start":{"line":28,"column":77},"end":{"line":28,"column":88}},"6":{"start":{"line":29,"column":20},"end":{"line":32,"column":5}},"7":{"start":{"line":33,"column":23},"end":{"line":33,"column":92}},"8":{"start":{"line":34,"column":8},"end":{"line":34,"column":29}},"9":{"start":{"line":39,"column":77},"end":{"line":39,"column":88}},"10":{"start":{"line":40,"column":20},"end":{"line":44,"column":5}},"11":{"start":{"line":45,"column":23},"end":{"line":45,"column":96}},"12":{"start":{"line":46,"column":8},"end":{"line":46,"column":34}},"13":{"start":{"line":50,"column":20},"end":{"line":50,"column":55}},"14":{"start":{"line":51,"column":23},"end":{"line":51,"column":51}},"15":{"start":{"line":52,"column":8},"end":{"line":52,"column":34}},"16":{"start":{"line":56,"column":20},"end":{"line":62,"column":5}},"17":{"start":{"line":63,"column":8},"end":{"line":63,"column":52}}},"fnMap":{"0":{"name":"(anonymous_0)","decl":{"start":{"line":2,"column":4},"end":{"line":2,"column":5}},"loc":{"start":{"line":2,"column":20},"end":{"line":4,"column":5}},"line":2},"1":{"name":"(anonymous_1)","decl":{"start":{"line":6,"column":4},"end":{"line":6,"column":5}},"loc":{"start":{"line":6,"column":20},"end":{"line":14,"column":5}},"line":6},"2":{"name":"(anonymous_2)","decl":{"start":{"line":16,"column":4},"end":{"line":16,"column":5}},"loc":{"start":{"line":16,"column":23},"end":{"line":24,"column":5}},"line":16},"3":{"name":"(anonymous_3)","decl":{"start":{"line":26,"column":4},"end":{"line":26,"column":5}},"loc":{"start":{"line":26,"column":30},"end":{"line":35,"column":5}},"line":26},"4":{"name":"(anonymous_4)","decl":{"start":{"line":37,"column":4},"end":{"line":37,"column":5}},"loc":{"start":{"line":37,"column":34},"end":{"line":47,"column":5}},"line":37},"5":{"name":"(anonymous_5)","decl":{"start":{"line":49,"column":4},"end":{"line":49,"column":5}},"loc":{"start":{"line":49,"column":21},"end":{"line":53,"column":5}},"line":49},"6":{"name":"(anonymous_6)","decl":{"start":{"line":55,"column":4},"end":{"line":55,"column":5}},"loc":{"start":{"line":55,"column":37},"end":{"line":64,"column":5}},"line":55}},"branchMap":{},"s":{"0":5,"1":2,"2":2,"3":6,"4":6,"5":4,"6":4,"7":4,"8":4,"9":1,"10":1,"11":1,"12":1,"13":1,"14":1,"15":1,"16":0,"17":0},"f":{"0":5,"1":2,"2":6,"3":4,"4":1,"5":1,"6":0},"b":{},"inputSourceMap":null,"_coverageSchema":"1a1c01bbd47fc00a2c39e90264f33305004495a9","hash":"e65f84abda54b382da68fa2f172ac592e24cc5d4"}
,"C:\\Users\\Usuario\\PROYECTOFINALPRUEBAS\\backend\\src\\routes\\categories.js": {"path":"C:\\Users\\Usuario\\PROYECTOFINALPRUEBAS\\backend\\src\\routes\\categories.js","statementMap":{"0":{"start":{"line":5,"column":19},"end":{"line":5,"column":35}},"1":{"start":{"line":6,"column":31},"end":{"line":6,"column":57}},"2":{"start":{"line":8,"column":4},"end":{"line":8,"column":71}},"3":{"start":{"line":8,"column":34},"end":{"line":8,"column":69}},"4":{"start":{"line":9,"column":4},"end":{"line":9,"column":75}},"5":{"start":{"line":9,"column":37},"end":{"line":9,"column":73}},"6":{"start":{"line":10,"column":4},"end":{"line":10,"column":72}},"7":{"start":{"line":10,"column":35},"end":{"line":10,"column":70}},"8":{"start":{"line":11,"column":4},"end":{"line":11,"column":74}},"9":{"start":{"line":11,"column":37},"end":{"line":11,"column":72}},"10":{"start":{"line":12,"column":4},"end":{"line":12,"column":77}},"11":{"start":{"line":12,"column":40},"end":{"line":12,"column":75}},"12":{"start":{"line":14,"column":4},"end":{"line":14,"column":18}}},"fnMap":{"0":{"name":"createCategoryRouter","decl":{"start":{"line":4,"column":9},"end":{"line":4,"column":29}},"loc":{"start":{"line":4,"column":34},"end":{"line":15,"column":1}},"line":4},"1":{"name":"(anonymous_1)","decl":{"start":{"line":8,"column":20},"end":{"line":8,"column":21}},"loc":{"start":{"line":8,"column":34},"end":{"line":8,"column":69}},"line":8},"2":{"name":"(anonymous_2)","decl":{"start":{"line":9,"column":23},"end":{"line":9,"column":24}},"loc":{"start":{"line":9,"column":37},"end":{"line":9,"column":73}},"line":9},"3":{"name":"(anonymous_3)","decl":{"start":{"line":10,"column":21},"end":{"line":10,"column":22}},"loc":{"start":{"line":10,"column":35},"end":{"line":10,"column":70}},"line":10},"4":{"name":"(anonymous_4)","decl":{"start":{"line":11,"column":23},"end":{"line":11,"column":24}},"loc":{"start":{"line":11,"column":37},"end":{"line":11,"column":72}},"line":11},"5":{"name":"(anonymous_5)","decl":{"start":{"line":12,"column":26},"end":{"line":12,"column":27}},"loc":{"start":{"line":12,"column":40},"end":{"line":12,"column":75}},"line":12}},"branchMap":{},"s":{"0":2,"1":2,"2":2,"3":1,"4":2,"5":2,"6":2,"7":6,"8":2,"9":1,"10":2,"11":1,"12":2},"f":{"0":2,"1":1,"2":2,"3":6,"4":1,"5":1},"b":{},"inputSourceMap":null,"_coverageSchema":"1a1c01bbd47fc00a2c39e90264f33305004495a9","hash":"21214514fdb56f20983d6bebbe56fd6c78bdd830"}
,"C:\\Users\\Usuario\\PROYECTOFINALPRUEBAS\\backend\\src\\routes\\products.js": {"path":"C:\\Users\\Usuario\\PROYECTOFINALPRUEBAS\\backend\\src\\routes\\products.js","statementMap":{"0":{"start":{"line":5,"column":19},"end":{"line":5,"column":35}},"1":{"start":{"line":6,"column":30},"end":{"line":6,"column":55}},"2":{"start":{"line":8,"column":4},"end":{"line":8,"column":70}},"3":{"start":{"line":8,"column":34},"end":{"line":8,"column":68}},"4":{"start":{"line":9,"column":4},"end":{"line":9,"column":74}},"5":{"start":{"line":9,"column":37},"end":{"line":9,"column":72}},"6":{"start":{"line":10,"column":4},"end":{"line":10,"column":71}},"7":{"start":{"line":10,"column":35},"end":{"line":10,"column":69}},"8":{"start":{"line":11,"column":4},"end":{"line":11,"column":73}},"9":{"start":{"line":11,"column":37},"end":{"line":11,"column":71}},"10":{"start":{"line":12,"column":4},"end":{"line":12,"column":76}},"11":{"start":{"line":12,"column":40},"end":{"line":12,"column":74}},"12":{"start":{"line":13,"column":4},"end":{"line":13,"column":97}},"13":{"start":{"line":13,"column":54},"end":{"line":13,"column":95}},"14":{"start":{"line":15,"column":4},"end":{"line":15,"column":18}}},"fnMap":{"0":{"name":"createProductRouter","decl":{"start":{"line":4,"column":9},"end":{"line":4,"column":28}},"loc":{"start":{"line":4,"column":33},"end":{"line":16,"column":1}},"line":4},"1":{"name":"(anonymous_1)","decl":{"start":{"line":8,"column":20},"end":{"line":8,"column":21}},"loc":{"start":{"line":8,"column":34},"end":{"line":8,"column":68}},"line":8},"2":{"name":"(anonymous_2)","decl":{"start":{"line":9,"column":23},"end":{"line":9,"column":24}},"loc":{"start":{"line":9,"column":37},"end":{"line":9,"column":72}},"line":9},"3":{"name":"(anonymous_3)","decl":{"start":{"line":10,"column":21},"end":{"line":10,"column":22}},"loc":{"start":{"line":10,"column":35},"end":{"line":10,"column":69}},"line":10},"4":{"name":"(anonymous_4)","decl":{"start":{"line":11,"column":23},"end":{"line":11,"column":24}},"loc":{"start":{"line":11,"column":37},"end":{"line":11,"column":71}},"line":11},"5":{"name":"(anonymous_5)","decl":{"start":{"line":12,"column":26},"end":{"line":12,"column":27}},"loc":{"start":{"line":12,"column":40},"end":{"line":12,"column":74}},"line":12},"6":{"name":"(anonymous_6)","decl":{"start":{"line":13,"column":40},"end":{"line":13,"column":41}},"loc":{"start":{"line":13,"column":54},"end":{"line":13,"column":95}},"line":13}},"branchMap":{},"s":{"0":2,"1":2,"2":2,"3":1,"4":2,"5":2,"6":2,"7":6,"8":2,"9":1,"10":2,"11":1,"12":2,"13":0,"14":2},"f":{"0":2,"1":1,"2":2,"3":6,"4":1,"5":1,"6":0},"b":{},"inputSourceMap":null,"_coverageSchema":"1a1c01bbd47fc00a2c39e90264f33305004495a9","hash":"6011728d62f90195046e46f5751345e62007d655"}
,"C:\\Users\\Usuario\\PROYECTOFINALPRUEBAS\\backend\\src\\services\\CategoryService.js": {"path":"C:\\Users\\Usuario\\PROYECTOFINALPRUEBAS\\backend\\src\\services\\CategoryService.js","statementMap":{"0":{"start":{"line":5,"column":8},"end":{"line":5,"column":46}},"1":{"start":{"line":9,"column":8},"end":{"line":9,"column":50}},"2":{"start":{"line":13,"column":8},"end":{"line":15,"column":9}},"3":{"start":{"line":14,"column":12},"end":{"line":14,"column":56}},"4":{"start":{"line":16,"column":25},"end":{"line":16,"column":62}},"5":{"start":{"line":17,"column":8},"end":{"line":19,"column":9}},"6":{"start":{"line":18,"column":12},"end":{"line":18,"column":55}},"7":{"start":{"line":20,"column":8},"end":{"line":20,"column":24}},"8":{"start":{"line":24,"column":8},"end":{"line":26,"column":9}},"9":{"start":{"line":25,"column":12},"end":{"line":25,"column":70}},"10":{"start":{"line":27,"column":27},"end":{"line":27,"column":71}},"11":{"start":{"line":28,"column":8},"end":{"line":28,"column":61}},"12":{"start":{"line":32,"column":8},"end":{"line":34,"column":9}},"13":{"start":{"line":33,"column":12},"end":{"line":33,"column":56}},"14":{"start":{"line":35,"column":8},"end":{"line":37,"column":9}},"15":{"start":{"line":36,"column":12},"end":{"line":36,"column":70}},"16":{"start":{"line":38,"column":24},"end":{"line":38,"column":72}},"17":{"start":{"line":39,"column":8},"end":{"line":41,"column":9}},"18":{"start":{"line":40,"column":12},"end":{"line":40,"column":55}},"19":{"start":{"line":42,"column":8},"end":{"line":42,"column":53}},"20":{"start":{"line":46,"column":8},"end":{"line":48,"column":9}},"21":{"start":{"line":47,"column":12},"end":{"line":47,"column":56}},"22":{"start":{"line":49,"column":24},"end":{"line":49,"column":59}},"23":{"start":{"line":50,"column":8},"end":{"line":52,"column":9}},"24":{"start":{"line":51,"column":12},"end":{"line":51,"column":55}},"25":{"start":{"line":53,"column":8},"end":{"line":53,"column":20}}},"fnMap":{"0":{"name":"(anonymous_0)","decl":{"start":{"line":4,"column":4},"end":{"line":4,"column":5}},"loc":{"start":{"line":4,"column":20},"end":{"line":6,"column":5}},"line":4},"1":{"name":"(anonymous_1)","decl":{"start":{"line":8,"column":4},"end":{"line":8,"column":5}},"loc":{"start":{"line":8,"column":29},"end":{"line":10,"column":5}},"line":8},"2":{"name":"(anonymous_2)","decl":{"start":{"line":12,"column":4},"end":{"line":12,"column":5}},"loc":{"start":{"line":12,"column":30},"end":{"line":21,"column":5}},"line":12},"3":{"name":"(anonymous_3)","decl":{"start":{"line":23,"column":4},"end":{"line":23,"column":5}},"loc":{"start":{"line":23,"column":31},"end":{"line":29,"column":5}},"line":23},"4":{"name":"(anonymous_4)","decl":{"start":{"line":31,"column":4},"end":{"line":31,"column":5}},"loc":{"start":{"line":31,"column":35},"end":{"line":43,"column":5}},"line":31},"5":{"name":"(anonymous_5)","decl":{"start":{"line":45,"column":4},"end":{"line":45,"column":5}},"loc":{"start":{"line":45,"column":29},"end":{"line":54,"column":5}},"line":45}},"branchMap":{"0":{"loc":{"start":{"line":13,"column":8},"end":{"line":15,"column":9}},"type":"if","locations":[{"start":{"line":13,"column":8},"end":{"line":15,"column":9}},{"start":{},"end":{}}],"line":13},"1":{"loc":{"start":{"line":13,"column":12},"end":{"line":13,"column":28}},"type":"binary-expr","locations":[{"start":{"line":13,"column":12},"end":{"line":13,"column":15}},{"start":{"line":13,"column":19},"end":{"line":13,"column":28}}],"line":13},"2":{"loc":{"start":{"line":17,"column":8},"end":{"line":19,"column":9}},"type":"if","locations":[{"start":{"line":17,"column":8},"end":{"line":19,"column":9}},{"start":{},"end":{}}],"line":17},"3":{"loc":{"start":{"line":24,"column":8},"end":{"line":26,"column":9}},"type":"if","locations":[{"start":{"line":24,"column":8},"end":{"line":26,"column":9}},{"start":{},"end":{}}],"line":24},"4":{"loc":{"start":{"line":24,"column":12},"end":{"line":24,"column":39}},"type":"binary-expr","locations":[{"start":{"line":24,"column":12},"end":{"line":24,"column":17}},{"start":{"line":24,"column":21},"end":{"line":24,"column":39}}],"line":24},"5":{"loc":{"start":{"line":32,"column":8},"end":{"line":34,"column":9}},"type":"if","locations":[{"start":{"line":32,"column":8},"end":{"line":34,"column":9}},{"start":{},"end":{}}],"line":32},"6":{"loc":{"start":{"line":32,"column":12},"end":{"line":32,"column":28}},"type":"binary-expr","locations":[{"start":{"line":32,"column":12},"end":{"line":32,"column":15}},{"start":{"line":32,"column":19},"end":{"line":32,"column":28}}],"line":32},"7":{"loc":{"start":{"line":35,"column":8},"end":{"line":37,"column":9}},"type":"if","locations":[{"start":{"line":35,"column":8},"end":{"line":37,"column":9}},{"start":{},"end":{}}],"line":35},"8":{"loc":{"start":{"line":35,"column":12},"end":{"line":35,"column":39}},"type":"binary-expr","locations":[{"start":{"line":35,"column":12},"end":{"line":35,"column":17}},{"start":{"line":35,"column":21},"end":{"line":35,"column":39}}],"line":35},"9":{"loc":{"start":{"line":39,"column":8},"end":{"line":41,"column":9}},"type":"if","locations":[{"start":{"line":39,"column":8},"end":{"line":41,"column":9}},{"start":{},"end":{}}],"line":39},"10":{"loc":{"start":{"line":46,"column":8},"end":{"line":48,"column":9}},"type":"if","locations":[{"start":{"line":46,"column":8},"end":{"line":48,"column":9}},{"start":{},"end":{}}],"line":46},"11":{"loc":{"start":{"line":46,"column":12},"end":{"line":46,"column":28}},"type":"binary-expr","locations":[{"start":{"line":46,"column":12},"end":{"line":46,"column":15}},{"start":{"line":46,"column":19},"end":{"line":46,"column":28}}],"line":46},"12":{"loc":{"start":{"line":50,"column":8},"end":{"line":52,"column":9}},"type":"if","locations":[{"start":{"line":50,"column":8},"end":{"line":52,"column":9}},{"start":{},"end":{}}],"line":50}},"s":{"0":2,"1":1,"2":2,"3":0,"4":2,"5":2,"6":1,"7":1,"8":6,"9":1,"10":5,"11":4,"12":1,"13":0,"14":1,"15":0,"16":1,"17":1,"18":0,"19":1,"20":1,"21":0,"22":1,"23":1,"24":0,"25":1},"f":{"0":2,"1":1,"2":2,"3":6,"4":1,"5":1},"b":{"0":[0,2],"1":[2,2],"2":[1,1],"3":[1,5],"4":[6,5],"5":[0,1],"6":[1,1],"7":[0,1],"8":[1,1],"9":[0,1],"10":[0,1],"11":[1,1],"12":[0,1]},"inputSourceMap":null,"_coverageSchema":"1a1c01bbd47fc00a2c39e90264f33305004495a9","hash":"95866cd9e61cfab869e009ad6b92ae6953368798"}
,"C:\\Users\\Usuario\\PROYECTOFINALPRUEBAS\\backend\\src\\services\\ProductService.js": {"path":"C:\\Users\\Usuario\\PROYECTOFINALPRUEBAS\\backend\\src\\services\\ProductService.js","statementMap":{"0":{"start":{"line":5,"column":8},"end":{"line":5,"column":44}},"1":{"start":{"line":9,"column":8},"end":{"line":9,"column":49}},"2":{"start":{"line":13,"column":8},"end":{"line":15,"column":9}},"3":{"start":{"line":14,"column":12},"end":{"line":14,"column":55}},"4":{"start":{"line":16,"column":24},"end":{"line":16,"column":60}},"5":{"start":{"line":17,"column":8},"end":{"line":19,"column":9}},"6":{"start":{"line":18,"column":12},"end":{"line":18,"column":54}},"7":{"start":{"line":20,"column":8},"end":{"line":20,"column":23}},"8":{"start":{"line":24,"column":8},"end":{"line":24,"column":46}},"9":{"start":{"line":25,"column":26},"end":{"line":25,"column":69}},"10":{"start":{"line":26,"column":8},"end":{"line":26,"column":59}},"11":{"start":{"line":30,"column":8},"end":{"line":32,"column":9}},"12":{"start":{"line":31,"column":12},"end":{"line":31,"column":55}},"13":{"start":{"line":33,"column":8},"end":{"line":33,"column":46}},"14":{"start":{"line":34,"column":24},"end":{"line":34,"column":71}},"15":{"start":{"line":35,"column":8},"end":{"line":37,"column":9}},"16":{"start":{"line":36,"column":12},"end":{"line":36,"column":54}},"17":{"start":{"line":38,"column":8},"end":{"line":38,"column":52}},"18":{"start":{"line":42,"column":8},"end":{"line":44,"column":9}},"19":{"start":{"line":43,"column":12},"end":{"line":43,"column":55}},"20":{"start":{"line":45,"column":24},"end":{"line":45,"column":58}},"21":{"start":{"line":46,"column":8},"end":{"line":48,"column":9}},"22":{"start":{"line":47,"column":12},"end":{"line":47,"column":54}},"23":{"start":{"line":49,"column":8},"end":{"line":49,"column":20}},"24":{"start":{"line":53,"column":8},"end":{"line":55,"column":9}},"25":{"start":{"line":54,"column":12},"end":{"line":54,"column":56}},"26":{"start":{"line":56,"column":8},"end":{"line":56,"column":66}},"27":{"start":{"line":60,"column":8},"end":{"line":62,"column":9}},"28":{"start":{"line":61,"column":12},"end":{"line":61,"column":67}},"29":{"start":{"line":63,"column":8},"end":{"line":65,"column":9}},"30":{"start":{"line":64,"column":12},"end":{"line":64,"column":81}},"31":{"start":{"line":66,"column":8},"end":{"line":68,"column":9}},"32":{"start":{"line":67,"column":12},"end":{"line":67,"column":80}},"33":{"start":{"line":69,"column":8},"end":{"line":71,"column":9}},"34":{"start":{"line":70,"column":12},"end":{"line":70,"column":57}}},"fnMap":{"0":{"name":"(anonymous_0)","decl":{"start":{"line":4,"column":4},"end":{"line":4,"column":5}},"loc":{"start":{"line":4,"column":20},"end":{"line":6,"column":5}},"line":4},"1":{"name":"(anonymous_1)","decl":{"start":{"line":8,"column":4},"end":{"line":8,"column":5}},"loc":{"start":{"line":8,"column":27},"end":{"line":10,"column":5}},"line":8},"2":{"name":"(anonymous_2)","decl":{"start":{"line":12,"column":4},"end":{"line":12,"column":5}},"loc":{"start":{"line":12,"column":29},"end":{"line":21,"column":5}},"line":12},"3":{"name":"(anonymous_3)","decl":{"start":{"line":23,"column":4},"end":{"line":23,"column":5}},"loc":{"start":{"line":23,"column":37},"end":{"line":27,"column":5}},"line":23},"4":{"name":"(anonymous_4)","decl":{"start":{"line":29,"column":4},"end":{"line":29,"column":5}},"loc":{"start":{"line":29,"column":41},"end":{"line":39,"column":5}},"line":29},"5":{"name":"(anonymous_5)","decl":{"start":{"line":41,"column":4},"end":{"line":41,"column":5}},"loc":{"start":{"line":41,"column":28},"end":{"line":50,"column":5}},"line":41},"6":{"name":"(anonymous_6)","decl":{"start":{"line":52,"column":4},"end":{"line":52,"column":5}},"loc":{"start":{"line":52,"column":44},"end":{"line":57,"column":5}},"line":52},"7":{"name":"(anonymous_7)","decl":{"start":{"line":59,"column":4},"end":{"line":59,"column":5}},"loc":{"start":{"line":59,"column":30},"end":{"line":72,"column":5}},"line":59}},"branchMap":{"0":{"loc":{"start":{"line":13,"column":8},"end":{"line":15,"column":9}},"type":"if","locations":[{"start":{"line":13,"column":8},"end":{"line":15,"column":9}},{"start":{},"end":{}}],"line":13},"1":{"loc":{"start":{"line":13,"column":12},"end":{"line":13,"column":28}},"type":"binary-expr","locations":[{"start":{"line":13,"column":12},"end":{"line":13,"column":15}},{"start":{"line":13,"column":19},"end":{"line":13,"column":28}}],"line":13},"2":{"loc":{"start":{"line":17,"column":8},"end":{"line":19,"column":9}},"type":"if","locations":[{"start":{"line":17,"column":8},"end":{"line":19,"column":9}},{"start":{},"end":{}}],"line":17},"3":{"loc":{"start":{"line":30,"column":8},"end":{"line":32,"column":9}},"type":"if","locations":[{"start":{"line":30,"column":8},"end":{"line":32,"column":9}},{"start":{},"end":{}}],"line":30},"4":{"loc":{"start":{"line":30,"column":12},"end":{"line":30,"column":28}},"type":"binary-expr","locations":[{"start":{"line":30,"column":12},"end":{"line":30,"column":15}},{"start":{"line":30,"column":19},"end":{"line":30,"column":28}}],"line":30},"5":{"loc":{"start":{"line":35,"column":8},"end":{"line":37,"column":9}},"type":"if","locations":[{"start":{"line":35,"column":8},"end":{"line":37,"column":9}},{"start":{},"end":{}}],"line":35},"6":{"loc":{"start":{"line":42,"column":8},"end":{"line":44,"column":9}},"type":"if","locations":[{"start":{"line":42,"column":8},"end":{"line":44,"column":9}},{"start":{},"end":{}}],"line":42},"7":{"loc":{"start":{"line":42,"column":12},"end":{"line":42,"column":28}},"type":"binary-expr","locations":[{"start":{"line":42,"column":12},"end":{"line":42,"column":15}},{"start":{"line":42,"column":19},"end":{"line":42,"column":28}}],"line":42},"8":{"loc":{"start":{"line":46,"column":8},"end":{"line":48,"column":9}},"type":"if","locations":[{"start":{"line":46,"column":8},"end":{"line":48,"column":9}},{"start":{},"end":{}}],"line":46},"9":{"loc":{"start":{"line":53,"column":8},"end":{"line":55,"column":9}},"type":"if","locations":[{"start":{"line":53,"column":8},"end":{"line":55,"column":9}},{"start":{},"end":{}}],"line":53},"10":{"loc":{"start":{"line":53,"column":12},"end":{"line":53,"column":44}},"type":"binary-expr","locations":[{"start":{"line":53,"column":12},"end":{"line":53,"column":23}},{"start":{"line":53,"column":27},"end":{"line":53,"column":44}}],"line":53},"11":{"loc":{"start":{"line":60,"column":8},"end":{"line":62,"column":9}},"type":"if","locations":[{"start":{"line":60,"column":8},"end":{"line":62,"column":9}},{"start":{},"end":{}}],"line":60},"12":{"loc":{"start":{"line":60,"column":12},"end":{"line":60,"column":49}},"type":"binary-expr","locations":[{"start":{"line":60,"column":12},"end":{"line":60,"column":22}},{"start":{"line":60,"column":26},"end":{"line":60,"column":49}}],"line":60},"13":{"loc":{"start":{"line":63,"column":8},"end":{"line":65,"column":9}},"type":"if","locations":[{"start":{"line":63,"column":8},"end":{"line":65,"column":9}},{"start":{},"end":{}}],"line":63},"14":{"loc":{"start":{"line":63,"column":12},"end":{"line":63,"column":98}},"type":"binary-expr","locations":[{"start":{"line":63,"column":12},"end":{"line":63,"column":36}},{"start":{"line":63,"column":40},"end":{"line":63,"column":59}},{"start":{"line":63,"column":63},"end":{"line":63,"column":80}},{"start":{"line":63,"column":84},"end":{"line":63,"column":98}}],"line":63},"15":{"loc":{"start":{"line":66,"column":8},"end":{"line":68,"column":9}},"type":"if","locations":[{"start":{"line":66,"column":8},"end":{"line":68,"column":9}},{"start":{},"end":{}}],"line":66},"16":{"loc":{"start":{"line":66,"column":12},"end":{"line":66,"column":98}},"type":"binary-expr","locations":[{"start":{"line":66,"column":12},"end":{"line":66,"column":36}},{"start":{"line":66,"column":40},"end":{"line":66,"column":59}},{"start":{"line":66,"column":63},"end":{"line":66,"column":80}},{"start":{"line":66,"column":84},"end":{"line":66,"column":98}}],"line":66},"17":{"loc":{"start":{"line":69,"column":8},"end":{"line":71,"column":9}},"type":"if","locations":[{"start":{"line":69,"column":8},"end":{"line":71,"column":9}},{"start":{},"end":{}}],"line":69},"18":{"loc":{"start":{"line":69,"column":12},"end":{"line":69,"column":56}},"type":"binary-expr","locations":[{"start":{"line":69,"column":12},"end":{"line":69,"column":29}},{"start":{"line":69,"column":33},"end":{"line":69,"column":56}}],"line":69}},"s":{"0":2,"1":1,"2":2,"3":0,"4":2,"5":2,"6":1,"7":1,"8":6,"9":3,"10":3,"11":1,"12":0,"13":1,"14":1,"15":1,"16":0,"17":1,"18":1,"19":0,"20":1,"21":1,"22":0,"23":1,"24":0,"25":0,"26":0,"27":7,"28":1,"29":6,"30":1,"31":5,"32":1,"33":4,"34":0},"f":{"0":2,"1":1,"2":2,"3":6,"4":1,"5":1,"6":0,"7":7},"b":{"0":[0,2],"1":[2,2],"2":[1,1],"3":[0,1],"4":[1,1],"5":[0,1],"6":[0,1],"7":[1,1],"8":[0,1],"9":[0,0],"10":[0,0],"11":[1,6],"12":[7,6],"13":[1,5],"14":[6,6,6,6],"15":[1,4],"16":[5,5,5,5],"17":[0,4],"18":[4,4]},"inputSourceMap":null,"_coverageSchema":"1a1c01bbd47fc00a2c39e90264f33305004495a9","hash":"f4488c1aafb28e82f138ec19f4e1f7bb7b73a05b"}
}
