TN:
SF:src\app.js
FN:8,createApp
FN:17,(anonymous_1)
FN:22,(anonymous_2)
FN:33,(anonymous_3)
FN:38,(anonymous_4)
FNF:5
FNH:2
FNDA:2,createApp
FNDA:22,(anonymous_1)
FNDA:0,(anonymous_2)
FNDA:0,(anonymous_3)
FNDA:0,(anonymous_4)
DA:9,2
DA:11,2
DA:12,2
DA:14,2
DA:15,2
DA:17,2
DA:18,22
DA:19,22
DA:22,2
DA:23,0
DA:30,2
DA:31,2
DA:33,2
DA:34,0
DA:35,0
DA:38,2
DA:39,0
DA:42,2
LF:18
LH:14
BRDA:34,0,0,0
BRDA:34,0,1,0
BRDA:34,1,0,0
BRDA:34,1,1,0
BRDA:35,2,0,0
BRDA:35,2,1,0
BRDA:35,3,0,0
BRDA:35,3,1,0
BRF:8
BRH:0
end_of_record
TN:
SF:src\controllers\CategoryController.js
FN:4,(anonymous_0)
FN:8,(anonymous_1)
FN:17,(anonymous_2)
FN:30,(anonymous_3)
FN:39,(anonymous_4)
FN:52,(anonymous_5)
FNF:6
FNH:6
FNDA:2,(anonymous_0)
FNDA:1,(anonymous_1)
FNDA:2,(anonymous_2)
FNDA:6,(anonymous_3)
FNDA:1,(anonymous_4)
FNDA:1,(anonymous_5)
DA:5,2
DA:9,1
DA:10,1
DA:11,1
DA:13,0
DA:18,2
DA:19,2
DA:20,1
DA:22,1
DA:23,1
DA:25,0
DA:31,6
DA:32,6
DA:33,4
DA:35,2
DA:40,1
DA:41,1
DA:42,1
DA:44,0
DA:45,0
DA:47,0
DA:53,1
DA:54,1
DA:55,1
DA:57,0
DA:58,0
DA:60,0
LF:27
LH:19
BRDA:22,0,0,1
BRDA:22,0,1,0
BRDA:32,1,0,6
BRDA:32,1,1,6
BRDA:44,2,0,0
BRDA:44,2,1,0
BRDA:57,3,0,0
BRDA:57,3,1,0
BRF:8
BRH:3
end_of_record
TN:
SF:src\controllers\ProductController.js
FN:4,(anonymous_0)
FN:8,(anonymous_1)
FN:17,(anonymous_2)
FN:30,(anonymous_3)
FN:39,(anonymous_4)
FN:52,(anonymous_5)
FN:65,(anonymous_6)
FNF:7
FNH:6
FNDA:2,(anonymous_0)
FNDA:1,(anonymous_1)
FNDA:2,(anonymous_2)
FNDA:6,(anonymous_3)
FNDA:1,(anonymous_4)
FNDA:1,(anonymous_5)
FNDA:0,(anonymous_6)
DA:5,2
DA:9,1
DA:10,1
DA:11,1
DA:13,0
DA:18,2
DA:19,2
DA:20,1
DA:22,1
DA:23,1
DA:25,0
DA:31,6
DA:32,6
DA:33,3
DA:35,3
DA:40,1
DA:41,1
DA:42,1
DA:44,0
DA:45,0
DA:47,0
DA:53,1
DA:54,1
DA:55,1
DA:57,0
DA:58,0
DA:60,0
DA:66,0
DA:67,0
DA:68,0
DA:70,0
LF:31
LH:19
BRDA:22,0,0,1
BRDA:22,0,1,0
BRDA:44,1,0,0
BRDA:44,1,1,0
BRDA:57,2,0,0
BRDA:57,2,1,0
BRF:6
BRH:1
end_of_record
TN:
SF:src\database\database.js
FN:11,(anonymous_0)
FN:16,(anonymous_1)
FN:17,(anonymous_2)
FN:18,(anonymous_3)
FN:28,(anonymous_4)
FN:29,(anonymous_5)
FN:31,(anonymous_6)
FN:44,(anonymous_7)
FN:45,(anonymous_8)
FN:46,(anonymous_9)
FN:57,(anonymous_10)
FN:58,(anonymous_11)
FN:59,(anonymous_12)
FN:69,(anonymous_13)
FN:70,(anonymous_14)
FN:71,(anonymous_15)
FNF:16
FNH:16
FNDA:2,(anonymous_0)
FNDA:2,(anonymous_1)
FNDA:2,(anonymous_2)
FNDA:2,(anonymous_3)
FNDA:2,(anonymous_4)
FNDA:2,(anonymous_5)
FNDA:2,(anonymous_6)
FNDA:53,(anonymous_7)
FNDA:53,(anonymous_8)
FNDA:53,(anonymous_9)
FNDA:13,(anonymous_10)
FNDA:13,(anonymous_11)
FNDA:13,(anonymous_12)
FNDA:2,(anonymous_13)
FNDA:2,(anonymous_14)
FNDA:2,(anonymous_15)
DA:6,2
DA:7,2
DA:8,2
DA:12,2
DA:13,2
DA:17,2
DA:18,2
DA:19,2
DA:20,0
DA:22,2
DA:29,2
DA:30,2
DA:31,2
DA:32,2
DA:33,0
DA:35,2
DA:39,0
DA:45,53
DA:46,53
DA:47,53
DA:48,1
DA:51,52
DA:58,13
DA:59,13
DA:60,13
DA:61,0
DA:63,13
DA:70,2
DA:71,2
DA:72,2
DA:73,0
DA:75,2
LF:32
LH:27
BRDA:12,0,0,2
BRDA:12,0,1,2
BRDA:12,0,2,0
BRDA:19,1,0,0
BRDA:19,1,1,2
BRDA:30,2,0,2
BRDA:30,2,1,0
BRDA:32,3,0,0
BRDA:32,3,1,2
BRDA:44,4,0,36
BRDA:47,5,0,1
BRDA:47,5,1,52
BRDA:57,6,0,0
BRDA:60,7,0,0
BRDA:60,7,1,13
BRDA:69,8,0,2
BRDA:72,9,0,0
BRDA:72,9,1,2
BRF:18
BRH:11
end_of_record
TN:
SF:src\models\Category.js
FN:2,(anonymous_0)
FN:6,(anonymous_1)
FN:11,(anonymous_2)
FN:16,(anonymous_3)
FN:22,(anonymous_4)
FN:28,(anonymous_5)
FNF:6
FNH:6
FNDA:5,(anonymous_0)
FNDA:2,(anonymous_1)
FNDA:7,(anonymous_2)
FNDA:6,(anonymous_3)
FNDA:1,(anonymous_4)
FNDA:1,(anonymous_5)
DA:3,5
DA:7,2
DA:8,2
DA:12,7
DA:13,7
DA:17,6
DA:18,6
DA:19,5
DA:23,1
DA:24,1
DA:25,1
DA:29,1
DA:30,1
DA:31,1
LF:14
LH:14
BRF:0
BRH:0
end_of_record
TN:
SF:src\models\Product.js
FN:2,(anonymous_0)
FN:6,(anonymous_1)
FN:16,(anonymous_2)
FN:26,(anonymous_3)
FN:37,(anonymous_4)
FN:49,(anonymous_5)
FN:55,(anonymous_6)
FNF:7
FNH:6
FNDA:5,(anonymous_0)
FNDA:2,(anonymous_1)
FNDA:6,(anonymous_2)
FNDA:4,(anonymous_3)
FNDA:1,(anonymous_4)
FNDA:1,(anonymous_5)
FNDA:0,(anonymous_6)
DA:3,5
DA:7,2
DA:13,2
DA:17,6
DA:23,6
DA:28,4
DA:29,4
DA:33,4
DA:34,4
DA:39,1
DA:40,1
DA:45,1
DA:46,1
DA:50,1
DA:51,1
DA:52,1
DA:56,0
DA:63,0
LF:18
LH:16
BRF:0
BRH:0
end_of_record
TN:
SF:src\routes\categories.js
FN:4,createCategoryRouter
FN:8,(anonymous_1)
FN:9,(anonymous_2)
FN:10,(anonymous_3)
FN:11,(anonymous_4)
FN:12,(anonymous_5)
FNF:6
FNH:6
FNDA:2,createCategoryRouter
FNDA:1,(anonymous_1)
FNDA:2,(anonymous_2)
FNDA:6,(anonymous_3)
FNDA:1,(anonymous_4)
FNDA:1,(anonymous_5)
DA:5,2
DA:6,2
DA:8,2
DA:9,2
DA:10,6
DA:11,2
DA:12,2
DA:14,2
LF:8
LH:8
BRF:0
BRH:0
end_of_record
TN:
SF:src\routes\products.js
FN:4,createProductRouter
FN:8,(anonymous_1)
FN:9,(anonymous_2)
FN:10,(anonymous_3)
FN:11,(anonymous_4)
FN:12,(anonymous_5)
FN:13,(anonymous_6)
FNF:7
FNH:6
FNDA:2,createProductRouter
FNDA:1,(anonymous_1)
FNDA:2,(anonymous_2)
FNDA:6,(anonymous_3)
FNDA:1,(anonymous_4)
FNDA:1,(anonymous_5)
FNDA:0,(anonymous_6)
DA:5,2
DA:6,2
DA:8,2
DA:9,2
DA:10,6
DA:11,2
DA:12,2
DA:13,2
DA:15,2
LF:9
LH:9
BRF:0
BRH:0
end_of_record
TN:
SF:src\services\CategoryService.js
FN:4,(anonymous_0)
FN:8,(anonymous_1)
FN:12,(anonymous_2)
FN:23,(anonymous_3)
FN:31,(anonymous_4)
FN:45,(anonymous_5)
FNF:6
FNH:6
FNDA:2,(anonymous_0)
FNDA:1,(anonymous_1)
FNDA:2,(anonymous_2)
FNDA:6,(anonymous_3)
FNDA:1,(anonymous_4)
FNDA:1,(anonymous_5)
DA:5,2
DA:9,1
DA:13,2
DA:14,0
DA:16,2
DA:17,2
DA:18,1
DA:20,1
DA:24,6
DA:25,1
DA:27,5
DA:28,4
DA:32,1
DA:33,0
DA:35,1
DA:36,0
DA:38,1
DA:39,1
DA:40,0
DA:42,1
DA:46,1
DA:47,0
DA:49,1
DA:50,1
DA:51,0
DA:53,1
LF:26
LH:20
BRDA:13,0,0,0
BRDA:13,0,1,2
BRDA:13,1,0,2
BRDA:13,1,1,2
BRDA:17,2,0,1
BRDA:17,2,1,1
BRDA:24,3,0,1
BRDA:24,3,1,5
BRDA:24,4,0,6
BRDA:24,4,1,5
BRDA:32,5,0,0
BRDA:32,5,1,1
BRDA:32,6,0,1
BRDA:32,6,1,1
BRDA:35,7,0,0
BRDA:35,7,1,1
BRDA:35,8,0,1
BRDA:35,8,1,1
BRDA:39,9,0,0
BRDA:39,9,1,1
BRDA:46,10,0,0
BRDA:46,10,1,1
BRDA:46,11,0,1
BRDA:46,11,1,1
BRDA:50,12,0,0
BRDA:50,12,1,1
BRF:26
BRH:20
end_of_record
TN:
SF:src\services\ProductService.js
FN:4,(anonymous_0)
FN:8,(anonymous_1)
FN:12,(anonymous_2)
FN:23,(anonymous_3)
FN:29,(anonymous_4)
FN:41,(anonymous_5)
FN:52,(anonymous_6)
FN:59,(anonymous_7)
FNF:8
FNH:7
FNDA:2,(anonymous_0)
FNDA:1,(anonymous_1)
FNDA:2,(anonymous_2)
FNDA:6,(anonymous_3)
FNDA:1,(anonymous_4)
FNDA:1,(anonymous_5)
FNDA:0,(anonymous_6)
FNDA:7,(anonymous_7)
DA:5,2
DA:9,1
DA:13,2
DA:14,0
DA:16,2
DA:17,2
DA:18,1
DA:20,1
DA:24,6
DA:25,3
DA:26,3
DA:30,1
DA:31,0
DA:33,1
DA:34,1
DA:35,1
DA:36,0
DA:38,1
DA:42,1
DA:43,0
DA:45,1
DA:46,1
DA:47,0
DA:49,1
DA:53,0
DA:54,0
DA:56,0
DA:60,7
DA:61,1
DA:63,6
DA:64,1
DA:66,5
DA:67,1
DA:69,4
DA:70,0
LF:35
LH:26
BRDA:13,0,0,0
BRDA:13,0,1,2
BRDA:13,1,0,2
BRDA:13,1,1,2
BRDA:17,2,0,1
BRDA:17,2,1,1
BRDA:30,3,0,0
BRDA:30,3,1,1
BRDA:30,4,0,1
BRDA:30,4,1,1
BRDA:35,5,0,0
BRDA:35,5,1,1
BRDA:42,6,0,0
BRDA:42,6,1,1
BRDA:42,7,0,1
BRDA:42,7,1,1
BRDA:46,8,0,0
BRDA:46,8,1,1
BRDA:53,9,0,0
BRDA:53,9,1,0
BRDA:53,10,0,0
BRDA:53,10,1,0
BRDA:60,11,0,1
BRDA:60,11,1,6
BRDA:60,12,0,7
BRDA:60,12,1,6
BRDA:63,13,0,1
BRDA:63,13,1,5
BRDA:63,14,0,6
BRDA:63,14,1,6
BRDA:63,14,2,6
BRDA:63,14,3,6
BRDA:66,15,0,1
BRDA:66,15,1,4
BRDA:66,16,0,5
BRDA:66,16,1,5
BRDA:66,16,2,5
BRDA:66,16,3,5
BRDA:69,17,0,0
BRDA:69,17,1,4
BRDA:69,18,0,4
BRDA:69,18,1,4
BRF:42
BRH:32
end_of_record
